c:\users\codergirl\desktop\dikuedit\dikuedit\debug\winde.bsc
c:\users\codergirl\desktop\dikuedit\dikuedit\debug\winde.pch
c:\users\codergirl\desktop\dikuedit\dikuedit\debug\vc120.pdb
c:\users\codergirl\desktop\dikuedit\dikuedit\debug\vc120.idb
c:\users\codergirl\desktop\dikuedit\dikuedit\debug\stdafx.sbr
c:\users\codergirl\desktop\dikuedit\dikuedit\debug\stdafx.obj
c:\users\codergirl\desktop\dikuedit\dikuedit\debug\dlgcalccoins.sbr
c:\users\codergirl\desktop\dikuedit\dikuedit\debug\dlgdirections.sbr
c:\users\codergirl\desktop\dikuedit\dikuedit\debug\dlgeditarea.sbr
c:\users\codergirl\desktop\dikuedit\dikuedit\debug\dlgentervnum.sbr
c:\users\codergirl\desktop\dikuedit\dikuedit\debug\dlgextradesc.sbr
c:\users\codergirl\desktop\dikuedit\dikuedit\debug\dlgsave.sbr
c:\users\codergirl\desktop\dikuedit\dikuedit\debug\dlgselectaff.sbr
c:\users\codergirl\desktop\dikuedit\dikuedit\debug\dlgselectcolor.sbr
c:\users\codergirl\desktop\dikuedit\dikuedit\debug\dlgsettings.sbr
c:\users\codergirl\desktop\dikuedit\dikuedit\debug\dlgvnumlist.sbr
c:\users\codergirl\desktop\dikuedit\dikuedit\debug\winde.sbr
c:\users\codergirl\desktop\dikuedit\dikuedit\debug\windedlg.sbr
c:\users\codergirl\desktop\dikuedit\dikuedit\debug\coloreditwnd.sbr
c:\users\codergirl\desktop\dikuedit\dikuedit\debug\colorizer.sbr
c:\users\codergirl\desktop\dikuedit\dikuedit\debug\samplecolorizer.sbr
c:\users\codergirl\desktop\dikuedit\dikuedit\debug\scripttext.sbr
c:\users\codergirl\desktop\dikuedit\dikuedit\debug\undoframe.sbr
c:\users\codergirl\desktop\dikuedit\dikuedit\debug\dlgmapedit.sbr
c:\users\codergirl\desktop\dikuedit\dikuedit\debug\zonefile.sbr
c:\users\codergirl\desktop\dikuedit\dikuedit\debug\dlgeditquest.sbr
c:\users\codergirl\desktop\dikuedit\dikuedit\debug\dlgeditquest.obj
c:\users\codergirl\desktop\dikuedit\dikuedit\debug\zonefile.obj
c:\users\codergirl\desktop\dikuedit\dikuedit\debug\dlgmapedit.obj
c:\users\codergirl\desktop\dikuedit\dikuedit\debug\undoframe.obj
c:\users\codergirl\desktop\dikuedit\dikuedit\debug\scripttext.obj
c:\users\codergirl\desktop\dikuedit\dikuedit\debug\samplecolorizer.obj
c:\users\codergirl\desktop\dikuedit\dikuedit\debug\colorizer.obj
c:\users\codergirl\desktop\dikuedit\dikuedit\debug\coloreditwnd.obj
c:\users\codergirl\desktop\dikuedit\dikuedit\debug\windedlg.obj
c:\users\codergirl\desktop\dikuedit\dikuedit\debug\winde.obj
c:\users\codergirl\desktop\dikuedit\dikuedit\debug\dlgvnumlist.obj
c:\users\codergirl\desktop\dikuedit\dikuedit\debug\dlgsettings.obj
c:\users\codergirl\desktop\dikuedit\dikuedit\debug\dlgselectcolor.obj
c:\users\codergirl\desktop\dikuedit\dikuedit\debug\dlgselectaff.obj
c:\users\codergirl\desktop\dikuedit\dikuedit\debug\dlgsave.obj
c:\users\codergirl\desktop\dikuedit\dikuedit\debug\dlgextradesc.obj
c:\users\codergirl\desktop\dikuedit\dikuedit\debug\dlgentervnum.obj
c:\users\codergirl\desktop\dikuedit\dikuedit\debug\dlgeditarea.obj
c:\users\codergirl\desktop\dikuedit\dikuedit\debug\dlgdirections.obj
c:\users\codergirl\desktop\dikuedit\dikuedit\debug\dlgcalccoins.obj
c:\users\codergirl\desktop\dikuedit\dikuedit\debug\dlgquestclue.sbr
c:\users\codergirl\desktop\dikuedit\dikuedit\debug\dlgquestedit.sbr
c:\users\codergirl\desktop\dikuedit\dikuedit\debug\dlgquestitem.sbr
c:\users\codergirl\desktop\dikuedit\dikuedit\debug\quests.sbr
c:\users\codergirl\desktop\dikuedit\dikuedit\debug\dlgspells.sbr
c:\users\codergirl\desktop\dikuedit\dikuedit\debug\spells.sbr
c:\users\codergirl\desktop\dikuedit\dikuedit\debug\dlgeditantiflags.sbr
c:\users\codergirl\desktop\dikuedit\dikuedit\debug\dlgeditcontents.sbr
c:\users\codergirl\desktop\dikuedit\dikuedit\debug\dlgeditobject.sbr
c:\users\codergirl\desktop\dikuedit\dikuedit\debug\dlgextraobjflags.sbr
c:\users\codergirl\desktop\dikuedit\dikuedit\debug\objects.sbr
c:\users\codergirl\desktop\dikuedit\dikuedit\debug\classes.sbr
c:\users\codergirl\desktop\dikuedit\dikuedit\debug\dlgactflags.sbr
c:\users\codergirl\desktop\dikuedit\dikuedit\debug\dlgeditfriends.sbr
c:\users\codergirl\desktop\dikuedit\dikuedit\debug\dlgeditmob.sbr
c:\users\codergirl\desktop\dikuedit\dikuedit\debug\dlgeditshop.sbr
c:\users\codergirl\desktop\dikuedit\dikuedit\debug\dlgequipitem.sbr
c:\users\codergirl\desktop\dikuedit\dikuedit\debug\dlgequipmob.sbr
c:\users\codergirl\desktop\dikuedit\dikuedit\debug\dlgmobaffflags.sbr
c:\users\codergirl\desktop\dikuedit\dikuedit\debug\mobs.sbr
c:\users\codergirl\desktop\dikuedit\dikuedit\debug\mobs.obj
c:\users\codergirl\desktop\dikuedit\dikuedit\debug\dlgmobaffflags.obj
c:\users\codergirl\desktop\dikuedit\dikuedit\debug\dlgequipmob.obj
c:\users\codergirl\desktop\dikuedit\dikuedit\debug\dlgequipitem.obj
c:\users\codergirl\desktop\dikuedit\dikuedit\debug\dlgeditshop.obj
c:\users\codergirl\desktop\dikuedit\dikuedit\debug\dlgeditmob.obj
c:\users\codergirl\desktop\dikuedit\dikuedit\debug\dlgeditfriends.obj
c:\users\codergirl\desktop\dikuedit\dikuedit\debug\dlgactflags.obj
c:\users\codergirl\desktop\dikuedit\dikuedit\debug\classes.obj
c:\users\codergirl\desktop\dikuedit\dikuedit\debug\objects.obj
c:\users\codergirl\desktop\dikuedit\dikuedit\debug\dlgextraobjflags.obj
c:\users\codergirl\desktop\dikuedit\dikuedit\debug\dlgeditobject.obj
c:\users\codergirl\desktop\dikuedit\dikuedit\debug\dlgeditcontents.obj
c:\users\codergirl\desktop\dikuedit\dikuedit\debug\dlgeditantiflags.obj
c:\users\codergirl\desktop\dikuedit\dikuedit\debug\spells.obj
c:\users\codergirl\desktop\dikuedit\dikuedit\debug\dlgspells.obj
c:\users\codergirl\desktop\dikuedit\dikuedit\debug\quests.obj
c:\users\codergirl\desktop\dikuedit\dikuedit\debug\dlgquestitem.obj
c:\users\codergirl\desktop\dikuedit\dikuedit\debug\dlgquestedit.obj
c:\users\codergirl\desktop\dikuedit\dikuedit\debug\dlgquestclue.obj
c:\users\codergirl\desktop\dikuedit\dikuedit\debug\alias.sbr
c:\users\codergirl\desktop\dikuedit\dikuedit\debug\dlgcreategrid.sbr
c:\users\codergirl\desktop\dikuedit\dikuedit\debug\dlgeditexits.sbr
c:\users\codergirl\desktop\dikuedit\dikuedit\debug\dlgguardflags.sbr
c:\users\codergirl\desktop\dikuedit\dikuedit\debug\dlgroomflags.sbr
c:\users\codergirl\desktop\dikuedit\dikuedit\debug\editroom.sbr
c:\users\codergirl\desktop\dikuedit\dikuedit\debug\rooms.sbr
c:\users\codergirl\desktop\dikuedit\dikuedit\debug\progeditor.sbr
c:\users\codergirl\desktop\dikuedit\dikuedit\debug\progeditwnd.sbr
c:\users\codergirl\desktop\dikuedit\dikuedit\debug\progs.sbr
c:\users\codergirl\desktop\dikuedit\dikuedit\debug\progtext.sbr
c:\users\codergirl\desktop\dikuedit\dikuedit\debug\numericedit.sbr
c:\users\codergirl\desktop\dikuedit\dikuedit\debug\dlgedittrap.sbr
c:\users\codergirl\desktop\dikuedit\dikuedit\debug\trapdata.sbr
c:\users\codergirl\desktop\dikuedit\dikuedit\debug\shipbuilder.sbr
c:\users\codergirl\desktop\dikuedit\dikuedit\debug\shipupgrades.sbr
c:\users\codergirl\desktop\dikuedit\dikuedit\debug\shipwrightlist.sbr
c:\users\codergirl\desktop\dikuedit\dikuedit\debug\tabctrlssl.sbr
c:\users\codergirl\desktop\dikuedit\dikuedit\debug\tabpagessl.sbr
c:\users\codergirl\desktop\dikuedit\dikuedit\debug\ammobuilder.sbr
c:\users\codergirl\desktop\dikuedit\dikuedit\debug\ammobuilder.obj
c:\users\codergirl\desktop\dikuedit\dikuedit\debug\tabpagessl.obj
c:\users\codergirl\desktop\dikuedit\dikuedit\debug\tabctrlssl.obj
c:\users\codergirl\desktop\dikuedit\dikuedit\debug\shipwrightlist.obj
c:\users\codergirl\desktop\dikuedit\dikuedit\debug\shipupgrades.obj
c:\users\codergirl\desktop\dikuedit\dikuedit\debug\shipbuilder.obj
c:\users\codergirl\desktop\dikuedit\dikuedit\debug\trapdata.obj
c:\users\codergirl\desktop\dikuedit\dikuedit\debug\dlgedittrap.obj
c:\users\codergirl\desktop\dikuedit\dikuedit\debug\numericedit.obj
c:\users\codergirl\desktop\dikuedit\dikuedit\debug\progtext.obj
c:\users\codergirl\desktop\dikuedit\dikuedit\debug\progs.obj
c:\users\codergirl\desktop\dikuedit\dikuedit\debug\progeditwnd.obj
c:\users\codergirl\desktop\dikuedit\dikuedit\debug\progeditor.obj
c:\users\codergirl\desktop\dikuedit\dikuedit\debug\rooms.obj
c:\users\codergirl\desktop\dikuedit\dikuedit\debug\editroom.obj
c:\users\codergirl\desktop\dikuedit\dikuedit\debug\dlgroomflags.obj
c:\users\codergirl\desktop\dikuedit\dikuedit\debug\dlgguardflags.obj
c:\users\codergirl\desktop\dikuedit\dikuedit\debug\dlgeditexits.obj
c:\users\codergirl\desktop\dikuedit\dikuedit\debug\dlgcreategrid.obj
c:\users\codergirl\desktop\dikuedit\dikuedit\debug\alias.obj
c:\users\codergirl\desktop\dikuedit\dikuedit\debug\ammoview.sbr
c:\users\codergirl\desktop\dikuedit\dikuedit\debug\crewbuilder.sbr
c:\users\codergirl\desktop\dikuedit\dikuedit\debug\crewview.sbr
c:\users\codergirl\desktop\dikuedit\dikuedit\debug\cannonbuilder.sbr
c:\users\codergirl\desktop\dikuedit\dikuedit\debug\cannonview.sbr
c:\users\codergirl\desktop\dikuedit\dikuedit\debug\cmdhistory.sbr
c:\users\codergirl\desktop\dikuedit\dikuedit\debug\ctrltoolbar.sbr
c:\users\codergirl\desktop\dikuedit\dikuedit\debug\splittercontrol.sbr
c:\users\codergirl\desktop\dikuedit\dikuedit\debug\zonetree.sbr
c:\users\codergirl\desktop\dikuedit\dikuedit\debug\area.sbr
c:\users\codergirl\desktop\dikuedit\dikuedit\debug\bits.sbr
c:\users\codergirl\desktop\dikuedit\dikuedit\debug\interp.sbr
c:\users\codergirl\desktop\dikuedit\dikuedit\debug\utils.sbr
c:\users\codergirl\desktop\dikuedit\dikuedit\debug\dlgareastatistics.sbr
c:\users\codergirl\desktop\dikuedit\dikuedit\debug\classview.sbr
c:\users\codergirl\desktop\dikuedit\dikuedit\debug\dlgaggrostatistics.sbr
c:\users\codergirl\desktop\dikuedit\dikuedit\debug\mobview.sbr
c:\users\codergirl\desktop\dikuedit\dikuedit\debug\raceview.sbr
c:\users\codergirl\desktop\dikuedit\dikuedit\debug\roomview.sbr
c:\users\codergirl\desktop\dikuedit\dikuedit\debug\craftview.sbr
c:\users\codergirl\desktop\dikuedit\dikuedit\debug\craftview.obj
c:\users\codergirl\desktop\dikuedit\dikuedit\debug\roomview.obj
c:\users\codergirl\desktop\dikuedit\dikuedit\debug\raceview.obj
c:\users\codergirl\desktop\dikuedit\dikuedit\debug\mobview.obj
c:\users\codergirl\desktop\dikuedit\dikuedit\debug\dlgaggrostatistics.obj
c:\users\codergirl\desktop\dikuedit\dikuedit\debug\classview.obj
c:\users\codergirl\desktop\dikuedit\dikuedit\debug\dlgareastatistics.obj
c:\users\codergirl\desktop\dikuedit\dikuedit\debug\utils.obj
c:\users\codergirl\desktop\dikuedit\dikuedit\debug\interp.obj
c:\users\codergirl\desktop\dikuedit\dikuedit\debug\bits.obj
c:\users\codergirl\desktop\dikuedit\dikuedit\debug\area.obj
c:\users\codergirl\desktop\dikuedit\dikuedit\debug\zonetree.obj
c:\users\codergirl\desktop\dikuedit\dikuedit\debug\splittercontrol.obj
c:\users\codergirl\desktop\dikuedit\dikuedit\debug\ctrltoolbar.obj
c:\users\codergirl\desktop\dikuedit\dikuedit\debug\cmdhistory.obj
c:\users\codergirl\desktop\dikuedit\dikuedit\debug\cannonview.obj
c:\users\codergirl\desktop\dikuedit\dikuedit\debug\cannonbuilder.obj
c:\users\codergirl\desktop\dikuedit\dikuedit\debug\crewview.obj
c:\users\codergirl\desktop\dikuedit\dikuedit\debug\crewbuilder.obj
c:\users\codergirl\desktop\dikuedit\dikuedit\debug\ammoview.obj
c:\users\codergirl\desktop\dikuedit\dikuedit\debug\materialvew.sbr
c:\users\codergirl\desktop\dikuedit\dikuedit\debug\objview.sbr
c:\users\codergirl\desktop\dikuedit\dikuedit\debug\statsview.sbr
c:\users\codergirl\desktop\dikuedit\dikuedit\debug\statview.sbr
c:\users\codergirl\desktop\dikuedit\dikuedit\debug\typeview.sbr
c:\users\codergirl\desktop\dikuedit\dikuedit\debug\font.sbr
c:\users\codergirl\desktop\dikuedit\dikuedit\debug\mschart.sbr
c:\users\codergirl\desktop\dikuedit\dikuedit\debug\vcaxis.sbr
c:\users\codergirl\desktop\dikuedit\dikuedit\debug\vcaxisgrid.sbr
c:\users\codergirl\desktop\dikuedit\dikuedit\debug\vcaxisscale.sbr
c:\users\codergirl\desktop\dikuedit\dikuedit\debug\vcaxistitle.sbr
c:\users\codergirl\desktop\dikuedit\dikuedit\debug\vcbackdrop.sbr
c:\users\codergirl\desktop\dikuedit\dikuedit\debug\vcbrush.sbr
c:\users\codergirl\desktop\dikuedit\dikuedit\debug\vccategoryscale.sbr
c:\users\codergirl\desktop\dikuedit\dikuedit\debug\vccolor.sbr
c:\users\codergirl\desktop\dikuedit\dikuedit\debug\vccoor.sbr
c:\users\codergirl\desktop\dikuedit\dikuedit\debug\vcdatagrid.sbr
c:\users\codergirl\desktop\dikuedit\dikuedit\debug\vcdatapoint.sbr
c:\users\codergirl\desktop\dikuedit\dikuedit\debug\vcdatapointlabel.sbr
c:\users\codergirl\desktop\dikuedit\dikuedit\debug\vcdatapoints.sbr
c:\users\codergirl\desktop\dikuedit\dikuedit\debug\vcdatapoints.obj
c:\users\codergirl\desktop\dikuedit\dikuedit\debug\vcdatapointlabel.obj
c:\users\codergirl\desktop\dikuedit\dikuedit\debug\vcdatapoint.obj
c:\users\codergirl\desktop\dikuedit\dikuedit\debug\vcdatagrid.obj
c:\users\codergirl\desktop\dikuedit\dikuedit\debug\vccoor.obj
c:\users\codergirl\desktop\dikuedit\dikuedit\debug\vccolor.obj
c:\users\codergirl\desktop\dikuedit\dikuedit\debug\vccategoryscale.obj
c:\users\codergirl\desktop\dikuedit\dikuedit\debug\vcbrush.obj
c:\users\codergirl\desktop\dikuedit\dikuedit\debug\vcbackdrop.obj
c:\users\codergirl\desktop\dikuedit\dikuedit\debug\vcaxistitle.obj
c:\users\codergirl\desktop\dikuedit\dikuedit\debug\vcaxisscale.obj
c:\users\codergirl\desktop\dikuedit\dikuedit\debug\vcaxisgrid.obj
c:\users\codergirl\desktop\dikuedit\dikuedit\debug\vcaxis.obj
c:\users\codergirl\desktop\dikuedit\dikuedit\debug\mschart.obj
c:\users\codergirl\desktop\dikuedit\dikuedit\debug\font.obj
c:\users\codergirl\desktop\dikuedit\dikuedit\debug\typeview.obj
c:\users\codergirl\desktop\dikuedit\dikuedit\debug\statview.obj
c:\users\codergirl\desktop\dikuedit\dikuedit\debug\statsview.obj
c:\users\codergirl\desktop\dikuedit\dikuedit\debug\objview.obj
c:\users\codergirl\desktop\dikuedit\dikuedit\debug\materialvew.obj
c:\users\codergirl\desktop\dikuedit\dikuedit\debug\vcfill.sbr
c:\users\codergirl\desktop\dikuedit\dikuedit\debug\vcfont.sbr
c:\users\codergirl\desktop\dikuedit\dikuedit\debug\vcfootnote.sbr
c:\users\codergirl\desktop\dikuedit\dikuedit\debug\vcframe.sbr
c:\users\codergirl\desktop\dikuedit\dikuedit\debug\vcintersection.sbr
c:\users\codergirl\desktop\dikuedit\dikuedit\debug\vclabel.sbr
c:\users\codergirl\desktop\dikuedit\dikuedit\debug\vclabels.sbr
c:\users\codergirl\desktop\dikuedit\dikuedit\debug\vclcoor.sbr
c:\users\codergirl\desktop\dikuedit\dikuedit\debug\vclegend.sbr
c:\users\codergirl\desktop\dikuedit\dikuedit\debug\vclight.sbr
c:\users\codergirl\desktop\dikuedit\dikuedit\debug\vclightsource.sbr
c:\users\codergirl\desktop\dikuedit\dikuedit\debug\vclightsources.sbr
c:\users\codergirl\desktop\dikuedit\dikuedit\debug\vclocation.sbr
c:\users\codergirl\desktop\dikuedit\dikuedit\debug\vcmarker.sbr
c:\users\codergirl\desktop\dikuedit\dikuedit\debug\vcpen.sbr
c:\users\codergirl\desktop\dikuedit\dikuedit\debug\vcplot.sbr
c:\users\codergirl\desktop\dikuedit\dikuedit\debug\vcplotbase.sbr
c:\users\codergirl\desktop\dikuedit\dikuedit\debug\vcrect.sbr
c:\users\codergirl\desktop\dikuedit\dikuedit\debug\vcseries.sbr
c:\users\codergirl\desktop\dikuedit\dikuedit\debug\vcseriescollection.sbr
c:\users\codergirl\desktop\dikuedit\dikuedit\debug\vcseriescollection.obj
c:\users\codergirl\desktop\dikuedit\dikuedit\debug\vcseries.obj
c:\users\codergirl\desktop\dikuedit\dikuedit\debug\vcrect.obj
c:\users\codergirl\desktop\dikuedit\dikuedit\debug\vcplotbase.obj
c:\users\codergirl\desktop\dikuedit\dikuedit\debug\vcplot.obj
c:\users\codergirl\desktop\dikuedit\dikuedit\debug\vcpen.obj
c:\users\codergirl\desktop\dikuedit\dikuedit\debug\vcmarker.obj
c:\users\codergirl\desktop\dikuedit\dikuedit\debug\vclocation.obj
c:\users\codergirl\desktop\dikuedit\dikuedit\debug\vclightsources.obj
c:\users\codergirl\desktop\dikuedit\dikuedit\debug\vclightsource.obj
c:\users\codergirl\desktop\dikuedit\dikuedit\debug\vclight.obj
c:\users\codergirl\desktop\dikuedit\dikuedit\debug\vclegend.obj
c:\users\codergirl\desktop\dikuedit\dikuedit\debug\vclcoor.obj
c:\users\codergirl\desktop\dikuedit\dikuedit\debug\vclabels.obj
c:\users\codergirl\desktop\dikuedit\dikuedit\debug\vclabel.obj
c:\users\codergirl\desktop\dikuedit\dikuedit\debug\vcintersection.obj
c:\users\codergirl\desktop\dikuedit\dikuedit\debug\vcframe.obj
c:\users\codergirl\desktop\dikuedit\dikuedit\debug\vcfootnote.obj
c:\users\codergirl\desktop\dikuedit\dikuedit\debug\vcfont.obj
c:\users\codergirl\desktop\dikuedit\dikuedit\debug\vcfill.obj
c:\users\codergirl\desktop\dikuedit\dikuedit\debug\vcseriesmarker.sbr
c:\users\codergirl\desktop\dikuedit\dikuedit\debug\vcseriesposition.sbr
c:\users\codergirl\desktop\dikuedit\dikuedit\debug\vcshadow.sbr
c:\users\codergirl\desktop\dikuedit\dikuedit\debug\vcstatline.sbr
c:\users\codergirl\desktop\dikuedit\dikuedit\debug\vctextlayout.sbr
c:\users\codergirl\desktop\dikuedit\dikuedit\debug\vctick.sbr
c:\users\codergirl\desktop\dikuedit\dikuedit\debug\vctitle.sbr
c:\users\codergirl\desktop\dikuedit\dikuedit\debug\vcvaluescale.sbr
c:\users\codergirl\desktop\dikuedit\dikuedit\debug\vcview3d.sbr
c:\users\codergirl\desktop\dikuedit\dikuedit\debug\vcwall.sbr
c:\users\codergirl\desktop\dikuedit\dikuedit\debug\vcweighting.sbr
c:\users\codergirl\desktop\dikuedit\dikuedit\debug\dlgabout.sbr
c:\users\codergirl\desktop\dikuedit\dikuedit\debug\myhyperlink.sbr
c:\users\codergirl\desktop\dikuedit\dikuedit\debug\bvcalc.sbr
c:\users\codergirl\desktop\dikuedit\dikuedit\debug\editaffbits.sbr
c:\users\codergirl\desktop\dikuedit\dikuedit\debug\editaffbits.obj
c:\users\codergirl\desktop\dikuedit\dikuedit\debug\bvcalc.obj
c:\users\codergirl\desktop\dikuedit\dikuedit\debug\myhyperlink.obj
c:\users\codergirl\desktop\dikuedit\dikuedit\debug\dlgabout.obj
c:\users\codergirl\desktop\dikuedit\dikuedit\debug\vcweighting.obj
c:\users\codergirl\desktop\dikuedit\dikuedit\debug\vcwall.obj
c:\users\codergirl\desktop\dikuedit\dikuedit\debug\vcview3d.obj
c:\users\codergirl\desktop\dikuedit\dikuedit\debug\vcvaluescale.obj
c:\users\codergirl\desktop\dikuedit\dikuedit\debug\vctitle.obj
c:\users\codergirl\desktop\dikuedit\dikuedit\debug\vctick.obj
c:\users\codergirl\desktop\dikuedit\dikuedit\debug\vctextlayout.obj
c:\users\codergirl\desktop\dikuedit\dikuedit\debug\vcstatline.obj
c:\users\codergirl\desktop\dikuedit\dikuedit\debug\vcshadow.obj
c:\users\codergirl\desktop\dikuedit\dikuedit\debug\vcseriesposition.obj
c:\users\codergirl\desktop\dikuedit\dikuedit\debug\vcseriesmarker.obj
c:\users\codergirl\desktop\dikuedit\dikuedit\debug\winde.ilk
c:\users\codergirl\desktop\dikuedit\dikuedit\debug\winde.exe
c:\users\codergirl\desktop\dikuedit\dikuedit\debug\basternae area editor.pdb
c:\users\codergirl\desktop\dikuedit\dikuedit\debug\winde.res
c:\users\codergirl\desktop\dikuedit\dikuedit\.\debug\winde.exe
c:\users\codergirl\desktop\dikuedit\dikuedit\debug\winde.tlog\bscmake.command.1.tlog
c:\users\codergirl\desktop\dikuedit\dikuedit\debug\winde.tlog\bscmake.read.1.tlog
c:\users\codergirl\desktop\dikuedit\dikuedit\debug\winde.tlog\bscmake.write.1.tlog
c:\users\codergirl\desktop\dikuedit\dikuedit\debug\winde.tlog\cl.command.1.tlog
c:\users\codergirl\desktop\dikuedit\dikuedit\debug\winde.tlog\cl.read.1.tlog
c:\users\codergirl\desktop\dikuedit\dikuedit\debug\winde.tlog\cl.write.1.tlog
c:\users\codergirl\desktop\dikuedit\dikuedit\debug\winde.tlog\link.command.1.tlog
c:\users\codergirl\desktop\dikuedit\dikuedit\debug\winde.tlog\link.read.1.tlog
c:\users\codergirl\desktop\dikuedit\dikuedit\debug\winde.tlog\link.write.1.tlog
c:\users\codergirl\desktop\dikuedit\dikuedit\debug\winde.tlog\rc.command.1.tlog
c:\users\codergirl\desktop\dikuedit\dikuedit\debug\winde.tlog\rc.read.1.tlog
c:\users\codergirl\desktop\dikuedit\dikuedit\debug\winde.tlog\rc.write.1.tlog
