Build started 10/30/2014 11:04:27 PM.
     1>Project "\\GALACTICSERVER\Marissa\Code\WinDE\WinDE.vcxproj" on node 2 (Build target(s)).
     1>ClCompile:
         C:\Program Files (x86)\Microsoft Visual Studio 12.0\VC\bin\CL.exe /c /Zi /nologo /W3 /WX- /O2 /Ob1 /Oy- /D WIN32 /D NDEBUG /D _WINDOWS /D _VC80_UPGRADE=0x0710 /D _MBCS /GF /Gm- /EHsc /MT /GS /Gy /fp:precise /Zc:wchar_t /Zc:forScope /Yu"stdafx.h" /Fp".\Release/WinDE.pch" /Fo".\Release/" /Fd".\Release/vc120.pdb" /FR".\Release\\" /Gd /TP /analyze- /errorReport:prompt ColorEditWnd.cpp DlgAbout.cpp WinDEDlg.cpp
         ColorEditWnd.cpp
     1>ColorEditWnd.cpp(1304): warning C4244: 'argument' : conversion from 'double' to 'int', possible loss of data
     1>ColorEditWnd.cpp(1722): warning C4018: '<' : signed/unsigned mismatch
     1>ColorEditWnd.cpp(1794): warning C4018: '<' : signed/unsigned mismatch
     1>ColorEditWnd.cpp(1884): warning C4018: '<' : signed/unsigned mismatch
     1>ColorEditWnd.cpp(2027): warning C4996: 'strcpy': This function or variable may be unsafe. Consider using strcpy_s instead. To disable deprecation, use _CRT_SECURE_NO_WARNINGS. See online help for details.
                 C:\Program Files (x86)\Microsoft Visual Studio 12.0\VC\include\string.h(112) : see declaration of 'strcpy'
         DlgAbout.cpp
         WinDEDlg.cpp
     1>WinDEDlg.cpp(317): warning C4996: 'strcpy': This function or variable may be unsafe. Consider using strcpy_s instead. To disable deprecation, use _CRT_SECURE_NO_WARNINGS. See online help for details.
                 C:\Program Files (x86)\Microsoft Visual Studio 12.0\VC\include\string.h(112) : see declaration of 'strcpy'
     1>WinDEDlg.cpp(2857): warning C4258: 'i' : definition from the for loop is ignored; the definition from the enclosing scope is used
                 WinDEDlg.cpp(2850) : definition of 'i' ignored
                 WinDEDlg.cpp(2824) : definition of 'i' used
     1>WinDEDlg.cpp(2858): warning C4258: 'i' : definition from the for loop is ignored; the definition from the enclosing scope is used
                 WinDEDlg.cpp(2850) : definition of 'i' ignored
                 WinDEDlg.cpp(2824) : definition of 'i' used
         Generating Code...
       ResourceCompile:
         C:\Program Files (x86)\Windows Kits\8.1\bin\x86\rc.exe /D NDEBUG /D _VC80_UPGRADE=0x0710 /l"0x0409" /nologo /fo".\Release\WinDE.res" WinDE.rc 
     1>C:\Program Files (x86)\Microsoft Visual Studio 12.0\VC\atlmfc\include\afxres.h(32): warning RC4005: 'IDR_MANIFEST' : redefinition
         
     1>C:\Program Files (x86)\MSBuild\Microsoft.Cpp\v4.0\V120\Microsoft.CppBuild.targets(1186,5): warning MSB8012: TargetPath(\\GALACTICSERVER\Marissa\Code\WinDE\.\Release\WinDE.exe) does not match the Linker's OutputFile property value (\\GALACTICSERVER\Marissa\Code\WinDE\Release\Basternae Area Editor.exe). This may cause your project to build incorrectly. To correct this, please make sure that $(OutDir), $(TargetName) and $(TargetExt) property values match the value specified in %(Link.OutputFile).
     1>C:\Program Files (x86)\MSBuild\Microsoft.Cpp\v4.0\V120\Microsoft.CppBuild.targets(1188,5): warning MSB8012: TargetName(WinDE) does not match the Linker's OutputFile property value (Basternae Area Editor). This may cause your project to build incorrectly. To correct this, please make sure that $(OutDir), $(TargetName) and $(TargetExt) property values match the value specified in %(Link.OutputFile).
       Link:
         C:\Program Files (x86)\Microsoft Visual Studio 12.0\VC\bin\link.exe /ERRORREPORT:PROMPT /OUT:"Release/Basternae Area Editor.exe" /INCREMENTAL:NO /NOLOGO /MANIFEST /MANIFESTUAC:"level='asInvoker' uiAccess='false'" /manifest:embed /manifestinput:"C:\Program Files (x86)\Microsoft Visual Studio 12.0\VC\Include\Manifest\dpiaware.manifest" /PDB:".\Release/Basternae Area Editor.pdb" /SUBSYSTEM:WINDOWS /TLBID:1 /DYNAMICBASE:NO /IMPLIB:".\Release\WinDE.lib" /MACHINE:X86 /SAFESEH .\Release\WinDE.res
         .\Release/DlgCalcCoins.obj
         .\Release/DlgDirections.obj
         .\Release/DlgEditArea.obj
         .\Release/DlgEnterVnum.obj
         .\Release/DlgExtraDesc.obj
         .\Release/DlgSave.obj
         .\Release/DlgSelectAff.obj
         .\Release/DlgSelectColor.obj
         .\Release/DlgSettings.obj
         .\Release/DlgVnumList.obj
         .\Release/StdAfx.obj
         .\Release/WinDE.obj
         .\Release/WinDEDlg.obj
         .\Release/ColorEditWnd.obj
         .\Release/Colorizer.obj
         .\Release/SampleColorizer.obj
         .\Release/ScriptText.obj
         .\Release/UndoFrame.obj
         .\Release/DlgMapEdit.obj
         .\Release/ZoneFile.obj
         .\Release/DlgEditQuest.obj
         .\Release/DlgQuestClue.obj
         .\Release/DlgQuestEdit.obj
         .\Release/DlgQuestItem.obj
         .\Release/Quests.obj
         .\Release/DlgSpells.obj
         .\Release/Spells.obj
         .\Release/DlgEditAntiFlags.obj
         .\Release/DlgEditContents.obj
         .\Release/DlgEditObject.obj
         .\Release/DlgExtraObjFlags.obj
         .\Release/Objects.obj
         .\Release/Classes.obj
         .\Release/DlgActFlags.obj
         .\Release/DlgEditFriends.obj
         .\Release/DlgEditMob.obj
         .\Release/DlgEditShop.obj
         .\Release/DlgEquipItem.obj
         .\Release/DlgEquipMob.obj
         .\Release/DlgMobAffFlags.obj
         .\Release/Mobs.obj
         .\Release/Alias.obj
         .\Release/DlgCreateGrid.obj
         .\Release/DlgEditExits.obj
         .\Release/DlgGuardFlags.obj
         .\Release/DlgRoomFlags.obj
         .\Release/EditRoom.obj
         .\Release/Rooms.obj
         .\Release/ProgEditor.obj
         .\Release/ProgEditWnd.obj
         .\Release/Progs.obj
         .\Release/ProgText.obj
         .\Release/NumericEdit.obj
         .\Release/DlgEditTrap.obj
         .\Release/TrapData.obj
         .\Release/ShipBuilder.obj
         .\Release/ShipUpgrades.obj
         .\Release/ShipwrightList.obj
         .\Release/TabCtrlSSL.obj
         .\Release/TabPageSSL.obj
         .\Release/AmmoBuilder.obj
         .\Release/AmmoView.obj
         .\Release/CrewBuilder.obj
         .\Release/CrewView.obj
         .\Release/CannonBuilder.obj
         .\Release/CannonView.obj
         .\Release/CmdHistory.obj
         .\Release/CtrlToolBar.obj
         .\Release/SplitterControl.obj
         .\Release/ZoneTree.obj
         .\Release/Area.obj
         .\Release/Bits.obj
         .\Release/Interp.obj
         .\Release/Utils.obj
         .\Release/DlgAreaStatistics.obj
         .\Release/ClassView.obj
         .\Release/DlgAggroStatistics.obj
         .\Release/MobView.obj
         .\Release/RaceView.obj
         .\Release/RoomView.obj
         .\Release/CraftView.obj
         .\Release/MaterialVew.obj
         .\Release/ObjView.obj
         .\Release/StatsView.obj
         .\Release/StatView.obj
         .\Release/TypeView.obj
         .\Release/font.obj
         .\Release/mschart.obj
         .\Release/vcaxis.obj
         .\Release/vcaxisgrid.obj
         .\Release/vcaxisscale.obj
         .\Release/vcaxistitle.obj
         .\Release/vcbackdrop.obj
         .\Release/vcbrush.obj
         .\Release/vccategoryscale.obj
         .\Release/vccolor.obj
         .\Release/vccoor.obj
         .\Release/vcdatagrid.obj
         .\Release/vcdatapoint.obj
         .\Release/vcdatapointlabel.obj
         .\Release/vcdatapoints.obj
         .\Release/vcfill.obj
         .\Release/vcfont.obj
         .\Release/vcfootnote.obj
         .\Release/vcframe.obj
         .\Release/vcintersection.obj
         .\Release/vclabel.obj
         .\Release/vclabels.obj
         .\Release/vclcoor.obj
         .\Release/vclegend.obj
         .\Release/vclight.obj
         .\Release/vclightsource.obj
         .\Release/vclightsources.obj
         .\Release/vclocation.obj
         .\Release/vcmarker.obj
         .\Release/vcpen.obj
         .\Release/vcplot.obj
         .\Release/vcplotbase.obj
         .\Release/vcrect.obj
         .\Release/vcseries.obj
         .\Release/vcseriescollection.obj
         .\Release/vcseriesmarker.obj
         .\Release/vcseriesposition.obj
         .\Release/vcshadow.obj
         .\Release/vcstatline.obj
         .\Release/vctextlayout.obj
         .\Release/vctick.obj
         .\Release/vctitle.obj
         .\Release/vcvaluescale.obj
         .\Release/vcview3d.obj
         .\Release/vcwall.obj
         .\Release/vcweighting.obj
         .\Release/DlgAbout.obj
         .\Release/MyHyperLink.obj
         .\Release/BvCalc.obj
         .\Release/EditAffBits.obj
     1>LINK : fatal error LNK1104: cannot open file 'Release/Basternae Area Editor.exe'
     1>Done Building Project "\\GALACTICSERVER\Marissa\Code\WinDE\WinDE.vcxproj" (Build target(s)) -- FAILED.

Build FAILED.

Time Elapsed 00:01:27.33
